<?xml version="1.0" encoding="UTF-8"?>
<unitTest version="1">
    <file path="C:\Users\C\Desktop\PM4\getter\client\src\App.test.tsx">
        <testCase name="renders under construction" duration="30"/>
    </file>
</unitTest>